# JRE version: OpenJDK Runtime Environment Temurin-21.0.10+7 (21.0.10+7) (build 21.0.10+7-LTS)
# Java VM: OpenJDK 64-Bit Server VM Temurin-21.0.10+7 (21.0.10+7-LTS, mixed mode, sharing, tiered, compressed oops, compressed class ptrs, parallel gc, windows-amd64)
GC Precious Log:
 CardTable entry size: 512
 CPUs: 4 total, 4 available
 Memory: 7834M
 Large Page Support: Disabled
 NUMA Support: Disabled
 Compressed Oops: Enabled (32-bit)
 Alignments: Space 512K, Generation 512K, Heap 2M
 Heap Min Capacity: 100M
 Heap Initial Capacity: 100M
 Heap Max Capacity: 2G
 Pre-touch: Disabled
 Parallel Workers: 4
Heap:
 PSYoungGen      total 12288K, used 6169K [0x00000000d5580000, 0x00000000d6600000, 0x0000000100000000)
  eden space 10752K, 43% used [0x00000000d5580000,0x00000000d5a0cea8,0x00000000d6000000)
  from space 1536K, 98% used [0x00000000d6200000,0x00000000d63797b8,0x00000000d6380000)
  to   space 2560K, 0% used [0x00000000d6380000,0x00000000d6380000,0x00000000d6600000)
 ParOldGen       total 78336K, used 78016K [0x0000000080000000, 0x0000000084c80000, 0x00000000d5580000)
  object space 78336K, 99% used [0x0000000080000000,0x0000000084c30160,0x0000000084c80000)
 Metaspace       used 77388K, committed 79040K, reserved 1179648K
  class space    used 9257K, committed 9984K, reserved 1048576K
GC Heap History (20 events):
Event: 130.118 GC heap before
{Heap before GC invocations=61 (full 3):
 PSYoungGen      total 12288K, used 11657K [0x00000000d5580000, 0x00000000d6300000, 0x0000000100000000)
  eden space 10752K, 100% used [0x00000000d5580000,0x00000000d6000000,0x00000000d6000000)
  from space 1536K, 58% used [0x00000000d6080000,0x00000000d6162720,0x00000000d6200000)
  to   space 1024K, 0% used [0x00000000d6200000,0x00000000d6200000,0x00000000d6300000)
 ParOldGen       total 71680K, used 71195K [0x0000000080000000, 0x0000000084600000, 0x00000000d5580000)
  object space 71680K, 99% used [0x0000000080000000,0x0000000084586cb8,0x0000000084600000)
 Metaspace       used 69906K, committed 71488K, reserved 1114112K
  class space    used 8533K, committed 9216K, reserved 1048576K
}
Event: 130.119 GC heap after
{Heap after GC invocations=61 (full 3):
 PSYoungGen      total 11264K, used 128K [0x00000000d5580000, 0x00000000d6280000, 0x0000000100000000)
  eden space 10752K, 0% used [0x00000000d5580000,0x00000000d5580000,0x00000000d6000000)
  from space 512K, 25% used [0x00000000d6200000,0x00000000d6220000,0x00000000d6280000)
  to   space 512K, 0% used [0x00000000d6180000,0x00000000d6180000,0x00000000d6200000)
 ParOldGen       total 71680K, used 71203K [0x0000000080000000, 0x0000000084600000, 0x00000000d5580000)
  object space 71680K, 99% used [0x0000000080000000,0x0000000084588cb8,0x0000000084600000)
 Metaspace       used 69906K, committed 71488K, reserved 1114112K
  class space    used 8533K, committed 9216K, reserved 1048576K
}
Event: 130.416 GC heap before
{Heap before GC invocations=62 (full 3):
 PSYoungGen      total 11264K, used 10880K [0x00000000d5580000, 0x00000000d6280000, 0x0000000100000000)
  eden space 10752K, 100% used [0x00000000d5580000,0x00000000d6000000,0x00000000d6000000)
  from space 512K, 25% used [0x00000000d6200000,0x00000000d6220000,0x00000000d6280000)
  to   space 512K, 0% used [0x00000000d6180000,0x00000000d6180000,0x00000000d6200000)
 ParOldGen       total 71680K, used 71203K [0x0000000080000000, 0x0000000084600000, 0x00000000d5580000)
  object space 71680K, 99% used [0x0000000080000000,0x0000000084588cb8,0x0000000084600000)
 Metaspace       used 71261K, committed 72832K, reserved 1114112K
  class space    used 8658K, committed 9344K, reserved 1048576K
}
Event: 130.417 GC heap after
{Heap after GC invocations=62 (full 3):
 PSYoungGen      total 11264K, used 224K [0x00000000d5580000, 0x00000000d6280000, 0x0000000100000000)
  eden space 10752K, 0% used [0x00000000d5580000,0x00000000d5580000,0x00000000d6000000)
  from space 512K, 43% used [0x00000000d6180000,0x00000000d61b8000,0x00000000d6200000)
  to   space 512K, 0% used [0x00000000d6200000,0x00000000d6200000,0x00000000d6280000)
 ParOldGen       total 71680K, used 71243K [0x0000000080000000, 0x0000000084600000, 0x00000000d5580000)
  object space 71680K, 99% used [0x0000000080000000,0x0000000084592cb8,0x0000000084600000)
 Metaspace       used 71261K, committed 72832K, reserved 1114112K
  class space    used 8658K, committed 9344K, reserved 1048576K
}
Event: 130.697 GC heap before
{Heap before GC invocations=63 (full 3):
 PSYoungGen      total 11264K, used 10923K [0x00000000d5580000, 0x00000000d6280000, 0x0000000100000000)
  eden space 10752K, 99% used [0x00000000d5580000,0x00000000d5ff2c90,0x00000000d6000000)
  from space 512K, 43% used [0x00000000d6180000,0x00000000d61b8000,0x00000000d6200000)
  to   space 512K, 0% used [0x00000000d6200000,0x00000000d6200000,0x00000000d6280000)
 ParOldGen       total 71680K, used 71243K [0x0000000080000000, 0x0000000084600000, 0x00000000d5580000)
  object space 71680K, 99% used [0x0000000080000000,0x0000000084592cb8,0x0000000084600000)
 Metaspace       used 71758K, committed 73344K, reserved 1114112K
  class space    used 8715K, committed 9408K, reserved 1048576K
}
Event: 130.698 GC heap after
{Heap after GC invocations=63 (full 3):
 PSYoungGen      total 11264K, used 256K [0x00000000d5580000, 0x00000000d6280000, 0x0000000100000000)
  eden space 10752K, 0% used [0x00000000d5580000,0x00000000d5580000,0x00000000d6000000)
  from space 512K, 50% used [0x00000000d6200000,0x00000000d6240000,0x00000000d6280000)
  to   space 512K, 0% used [0x00000000d6180000,0x00000000d6180000,0x00000000d6200000)
 ParOldGen       total 71680K, used 71411K [0x0000000080000000, 0x0000000084600000, 0x00000000d5580000)
  object space 71680K, 99% used [0x0000000080000000,0x00000000845bccb8,0x0000000084600000)
 Metaspace       used 71758K, committed 73344K, reserved 1114112K
  class space    used 8715K, committed 9408K, reserved 1048576K
}
Event: 130.842 GC heap before
{Heap before GC invocations=64 (full 3):
 PSYoungGen      total 11264K, used 11008K [0x00000000d5580000, 0x00000000d6280000, 0x0000000100000000)
  eden space 10752K, 100% used [0x00000000d5580000,0x00000000d6000000,0x00000000d6000000)
  from space 512K, 50% used [0x00000000d6200000,0x00000000d6240000,0x00000000d6280000)
  to   space 512K, 0% used [0x00000000d6180000,0x00000000d6180000,0x00000000d6200000)
 ParOldGen       total 71680K, used 71411K [0x0000000080000000, 0x0000000084600000, 0x00000000d5580000)
  object space 71680K, 99% used [0x0000000080000000,0x00000000845bccb8,0x0000000084600000)
 Metaspace       used 72286K, committed 73856K, reserved 1114112K
  class space    used 8768K, committed 9472K, reserved 1048576K
}
Event: 130.843 GC heap after
{Heap after GC invocations=64 (full 3):
 PSYoungGen      total 11264K, used 224K [0x00000000d5580000, 0x00000000d6280000, 0x0000000100000000)
  eden space 10752K, 0% used [0x00000000d5580000,0x00000000d5580000,0x00000000d6000000)
  from space 512K, 43% used [0x00000000d6180000,0x00000000d61b8000,0x00000000d6200000)
  to   space 512K, 0% used [0x00000000d6200000,0x00000000d6200000,0x00000000d6280000)
 ParOldGen       total 71680K, used 71579K [0x0000000080000000, 0x0000000084600000, 0x00000000d5580000)
  object space 71680K, 99% used [0x0000000080000000,0x00000000845e6cb8,0x0000000084600000)
 Metaspace       used 72286K, committed 73856K, reserved 1114112K
  class space    used 8768K, committed 9472K, reserved 1048576K
}
Event: 131.226 GC heap before
{Heap before GC invocations=65 (full 3):
 PSYoungGen      total 11264K, used 10894K [0x00000000d5580000, 0x00000000d6280000, 0x0000000100000000)
  eden space 10752K, 99% used [0x00000000d5580000,0x00000000d5feba98,0x00000000d6000000)
  from space 512K, 43% used [0x00000000d6180000,0x00000000d61b8000,0x00000000d6200000)
  to   space 512K, 0% used [0x00000000d6200000,0x00000000d6200000,0x00000000d6280000)
 ParOldGen       total 71680K, used 71579K [0x0000000080000000, 0x0000000084600000, 0x00000000d5580000)
  object space 71680K, 99% used [0x0000000080000000,0x00000000845e6cb8,0x0000000084600000)
 Metaspace       used 73324K, committed 74880K, reserved 1114112K
  class space    used 8852K, committed 9536K, reserved 1048576K
}
Event: 131.229 GC heap after
{Heap after GC invocations=65 (full 3):
 PSYoungGen      total 11264K, used 481K [0x00000000d5580000, 0x00000000d6300000, 0x0000000100000000)
  eden space 10752K, 0% used [0x00000000d5580000,0x00000000d5580000,0x00000000d6000000)
  from space 512K, 94% used [0x00000000d6200000,0x00000000d62786f0,0x00000000d6280000)
  to   space 1536K, 0% used [0x00000000d6000000,0x00000000d6000000,0x00000000d6180000)
 ParOldGen       total 72192K, used 72092K [0x0000000080000000, 0x0000000084680000, 0x00000000d5580000)
  object space 72192K, 99% used [0x0000000080000000,0x00000000846670c8,0x0000000084680000)
 Metaspace       used 73324K, committed 74880K, reserved 1114112K
  class space    used 8852K, committed 9536K, reserved 1048576K
}
Event: 131.852 GC heap before
{Heap before GC invocations=66 (full 3):
 PSYoungGen      total 11264K, used 11233K [0x00000000d5580000, 0x00000000d6300000, 0x0000000100000000)
  eden space 10752K, 99% used [0x00000000d5580000,0x00000000d5ffffe8,0x00000000d6000000)
  from space 512K, 94% used [0x00000000d6200000,0x00000000d62786f0,0x00000000d6280000)
  to   space 1536K, 0% used [0x00000000d6000000,0x00000000d6000000,0x00000000d6180000)
 ParOldGen       total 72192K, used 72092K [0x0000000080000000, 0x0000000084680000, 0x00000000d5580000)
  object space 72192K, 99% used [0x0000000080000000,0x00000000846670c8,0x0000000084680000)
 Metaspace       used 74014K, committed 75584K, reserved 1179648K
  class space    used 8923K, committed 9600K, reserved 1048576K
}
Event: 131.859 GC heap after
{Heap after GC invocations=66 (full 3):
 PSYoungGen      total 12288K, used 1505K [0x00000000d5580000, 0x00000000d6a00000, 0x0000000100000000)
  eden space 10752K, 0% used [0x00000000d5580000,0x00000000d5580000,0x00000000d6000000)
  from space 1536K, 97% used [0x00000000d6000000,0x00000000d6178420,0x00000000d6180000)
  to   space 5120K, 0% used [0x00000000d6500000,0x00000000d6500000,0x00000000d6a00000)
 ParOldGen       total 75264K, used 74972K [0x0000000080000000, 0x0000000084980000, 0x00000000d5580000)
  object space 75264K, 99% used [0x0000000080000000,0x0000000084937218,0x0000000084980000)
 Metaspace       used 74014K, committed 75584K, reserved 1179648K
  class space    used 8923K, committed 9600K, reserved 1048576K
}
Event: 132.137 GC heap before
{Heap before GC invocations=67 (full 3):
 PSYoungGen      total 12288K, used 12257K [0x00000000d5580000, 0x00000000d6a00000, 0x0000000100000000)
  eden space 10752K, 100% used [0x00000000d5580000,0x00000000d6000000,0x00000000d6000000)
  from space 1536K, 97% used [0x00000000d6000000,0x00000000d6178420,0x00000000d6180000)
  to   space 5120K, 0% used [0x00000000d6500000,0x00000000d6500000,0x00000000d6a00000)
 ParOldGen       total 75264K, used 74972K [0x0000000080000000, 0x0000000084980000, 0x00000000d5580000)
  object space 75264K, 99% used [0x0000000080000000,0x0000000084937218,0x0000000084980000)
 Metaspace       used 74357K, committed 75968K, reserved 1179648K
  class space    used 8947K, committed 9600K, reserved 1048576K
}
Event: 132.143 GC heap after
{Heap after GC invocations=67 (full 3):
 PSYoungGen      total 12288K, used 1167K [0x00000000d5580000, 0x00000000d6680000, 0x0000000100000000)
  eden space 10752K, 0% used [0x00000000d5580000,0x00000000d5580000,0x00000000d6000000)
  from space 1536K, 76% used [0x00000000d6500000,0x00000000d6623fb8,0x00000000d6680000)
  to   space 2560K, 0% used [0x00000000d6180000,0x00000000d6180000,0x00000000d6400000)
 ParOldGen       total 76800K, used 76490K [0x0000000080000000, 0x0000000084b00000, 0x00000000d5580000)
  object space 76800K, 99% used [0x0000000080000000,0x0000000084ab28d8,0x0000000084b00000)
 Metaspace       used 74357K, committed 75968K, reserved 1179648K
  class space    used 8947K, committed 9600K, reserved 1048576K
}
Event: 132.618 GC heap before
{Heap before GC invocations=68 (full 3):
 PSYoungGen      total 12288K, used 11867K [0x00000000d5580000, 0x00000000d6680000, 0x0000000100000000)
  eden space 10752K, 99% used [0x00000000d5580000,0x00000000d5ff2f08,0x00000000d6000000)
  from space 1536K, 76% used [0x00000000d6500000,0x00000000d6623fb8,0x00000000d6680000)
  to   space 2560K, 0% used [0x00000000d6180000,0x00000000d6180000,0x00000000d6400000)
 ParOldGen       total 76800K, used 76490K [0x0000000080000000, 0x0000000084b00000, 0x00000000d5580000)
  object space 76800K, 99% used [0x0000000080000000,0x0000000084ab28d8,0x0000000084b00000)
 Metaspace       used 74633K, committed 76224K, reserved 1179648K
  class space    used 8979K, committed 9664K, reserved 1048576K
}
Event: 132.623 GC heap after
{Heap after GC invocations=68 (full 3):
 PSYoungGen      total 12800K, used 1575K [0x00000000d5580000, 0x00000000d6580000, 0x0000000100000000)
  eden space 10752K, 0% used [0x00000000d5580000,0x00000000d5580000,0x00000000d6000000)
  from space 2048K, 76% used [0x00000000d6180000,0x00000000d6309fc0,0x00000000d6380000)
  to   space 2048K, 0% used [0x00000000d6380000,0x00000000d6380000,0x00000000d6580000)
 ParOldGen       total 77312K, used 76856K [0x0000000080000000, 0x0000000084b80000, 0x00000000d5580000)
  object space 77312K, 99% used [0x0000000080000000,0x0000000084b0e358,0x0000000084b80000)
 Metaspace       used 74633K, committed 76224K, reserved 1179648K
  class space    used 8979K, committed 9664K, reserved 1048576K
}
Event: 133.220 GC heap before
{Heap before GC invocations=69 (full 3):
 PSYoungGen      total 12800K, used 12327K [0x00000000d5580000, 0x00000000d6580000, 0x0000000100000000)
  eden space 10752K, 100% used [0x00000000d5580000,0x00000000d6000000,0x00000000d6000000)
  from space 2048K, 76% used [0x00000000d6180000,0x00000000d6309fc0,0x00000000d6380000)
  to   space 2048K, 0% used [0x00000000d6380000,0x00000000d6380000,0x00000000d6580000)
 ParOldGen       total 77312K, used 76856K [0x0000000080000000, 0x0000000084b80000, 0x00000000d5580000)
  object space 77312K, 99% used [0x0000000080000000,0x0000000084b0e358,0x0000000084b80000)
 Metaspace       used 75962K, committed 77504K, reserved 1179648K
  class space    used 9121K, committed 9792K, reserved 1048576K
}
Event: 133.227 GC heap after
{Heap after GC invocations=69 (full 3):
 PSYoungGen      total 12288K, used 1047K [0x00000000d5580000, 0x00000000d6500000, 0x0000000100000000)
  eden space 10752K, 0% used [0x00000000d5580000,0x00000000d5580000,0x00000000d6000000)
  from space 1536K, 68% used [0x00000000d6380000,0x00000000d6485dc8,0x00000000d6500000)
  to   space 1536K, 0% used [0x00000000d6200000,0x00000000d6200000,0x00000000d6380000)
 ParOldGen       total 77312K, used 76976K [0x0000000080000000, 0x0000000084b80000, 0x00000000d5580000)
  object space 77312K, 99% used [0x0000000080000000,0x0000000084b2c378,0x0000000084b80000)
 Metaspace       used 75962K, committed 77504K, reserved 1179648K
  class space    used 9121K, committed 9792K, reserved 1048576K
}
Event: 134.268 GC heap before
{Heap before GC invocations=70 (full 3):
 PSYoungGen      total 12288K, used 11799K [0x00000000d5580000, 0x00000000d6500000, 0x0000000100000000)
  eden space 10752K, 100% used [0x00000000d5580000,0x00000000d6000000,0x00000000d6000000)
  from space 1536K, 68% used [0x00000000d6380000,0x00000000d6485dc8,0x00000000d6500000)
  to   space 1536K, 0% used [0x00000000d6200000,0x00000000d6200000,0x00000000d6380000)
 ParOldGen       total 77312K, used 76976K [0x0000000080000000, 0x0000000084b80000, 0x00000000d5580000)
  object space 77312K, 99% used [0x0000000080000000,0x0000000084b2c378,0x0000000084b80000)
 Metaspace       used 76926K, committed 78528K, reserved 1179648K
  class space    used 9205K, committed 9920K, reserved 1048576K
}
Event: 134.271 GC heap after
{Heap after GC invocations=70 (full 3):
 PSYoungGen      total 12288K, used 1509K [0x00000000d5580000, 0x00000000d6600000, 0x0000000100000000)
  eden space 10752K, 0% used [0x00000000d5580000,0x00000000d5580000,0x00000000d6000000)
  from space 1536K, 98% used [0x00000000d6200000,0x00000000d63797b8,0x00000000d6380000)
  to   space 2560K, 0% used [0x00000000d6380000,0x00000000d6380000,0x00000000d6600000)
 ParOldGen       total 78336K, used 78016K [0x0000000080000000, 0x0000000084c80000, 0x00000000d5580000)
  object space 78336K, 99% used [0x0000000080000000,0x0000000084c30160,0x0000000084c80000)
 Metaspace       used 76926K, committed 78528K, reserved 1179648K
  class space    used 9205K, committed 9920K, reserved 1048576K
}

