# JRE version: OpenJDK Runtime Environment Temurin-21.0.10+7 (21.0.10+7) (build 21.0.10+7-LTS)
# Java VM: OpenJDK 64-Bit Server VM Temurin-21.0.10+7 (21.0.10+7-LTS, mixed mode, sharing, tiered, compressed oops, compressed class ptrs, parallel gc, windows-amd64)
GC Precious Log:
 CardTable entry size: 512
 CPUs: 4 total, 4 available
 Memory: 7834M
 Large Page Support: Disabled
 NUMA Support: Disabled
 Compressed Oops: Enabled (32-bit)
 Alignments: Space 512K, Generation 512K, Heap 2M
 Heap Min Capacity: 100M
 Heap Initial Capacity: 100M
 Heap Max Capacity: 2G
 Pre-touch: Disabled
 Parallel Workers: 4
Heap:
 PSYoungGen      total 10752K, used 2112K [0x00000000d5580000, 0x00000000d6180000, 0x0000000100000000)
  eden space 10240K, 15% used [0x00000000d5580000,0x00000000d57176c0,0x00000000d5f80000)
  from space 512K, 94% used [0x00000000d6080000,0x00000000d60f8960,0x00000000d6100000)
  to   space 512K, 0% used [0x00000000d6100000,0x00000000d6100000,0x00000000d6180000)
 ParOldGen       total 75776K, used 75598K [0x0000000080000000, 0x0000000084a00000, 0x00000000d5580000)
  object space 75776K, 99% used [0x0000000080000000,0x00000000849d3928,0x0000000084a00000)
 Metaspace       used 77567K, committed 79168K, reserved 1179648K
  class space    used 9729K, committed 10432K, reserved 1048576K
GC Heap History (20 events):
Event: 2721.508 GC heap before
{Heap before GC invocations=76 (full 3):
 PSYoungGen      total 11264K, used 11254K [0x00000000d5580000, 0x00000000d6480000, 0x0000000100000000)
  eden space 10240K, 100% used [0x00000000d5580000,0x00000000d5f80000,0x00000000d5f80000)
  from space 1024K, 99% used [0x00000000d6180000,0x00000000d627d9e0,0x00000000d6280000)
  to   space 2048K, 0% used [0x00000000d5f80000,0x00000000d5f80000,0x00000000d6180000)
 ParOldGen       total 73216K, used 73138K [0x0000000080000000, 0x0000000084780000, 0x00000000d5580000)
  object space 73216K, 99% used [0x0000000080000000,0x000000008476cb38,0x0000000084780000)
 Metaspace       used 72895K, committed 74496K, reserved 1179648K
  class space    used 8780K, committed 9472K, reserved 1048576K
}
Event: 2721.514 GC heap after
{Heap after GC invocations=76 (full 3):
 PSYoungGen      total 10752K, used 241K [0x00000000d5580000, 0x00000000d6200000, 0x0000000100000000)
  eden space 10240K, 0% used [0x00000000d5580000,0x00000000d5580000,0x00000000d5f80000)
  from space 512K, 47% used [0x00000000d5f80000,0x00000000d5fbc530,0x00000000d6000000)
  to   space 1024K, 0% used [0x00000000d6100000,0x00000000d6100000,0x00000000d6200000)
 ParOldGen       total 74240K, used 74173K [0x0000000080000000, 0x0000000084880000, 0x00000000d5580000)
  object space 74240K, 99% used [0x0000000080000000,0x000000008486f6a0,0x0000000084880000)
 Metaspace       used 72895K, committed 74496K, reserved 1179648K
  class space    used 8780K, committed 9472K, reserved 1048576K
}
Event: 2722.071 GC heap before
{Heap before GC invocations=77 (full 3):
 PSYoungGen      total 10752K, used 10481K [0x00000000d5580000, 0x00000000d6200000, 0x0000000100000000)
  eden space 10240K, 100% used [0x00000000d5580000,0x00000000d5f80000,0x00000000d5f80000)
  from space 512K, 47% used [0x00000000d5f80000,0x00000000d5fbc530,0x00000000d6000000)
  to   space 1024K, 0% used [0x00000000d6100000,0x00000000d6100000,0x00000000d6200000)
 ParOldGen       total 74240K, used 74173K [0x0000000080000000, 0x0000000084880000, 0x00000000d5580000)
  object space 74240K, 99% used [0x0000000080000000,0x000000008486f6a0,0x0000000084880000)
 Metaspace       used 73433K, committed 75008K, reserved 1179648K
  class space    used 8863K, committed 9536K, reserved 1048576K
}
Event: 2722.072 GC heap after
{Heap after GC invocations=77 (full 3):
 PSYoungGen      total 11264K, used 583K [0x00000000d5580000, 0x00000000d6200000, 0x0000000100000000)
  eden space 10240K, 0% used [0x00000000d5580000,0x00000000d5580000,0x00000000d5f80000)
  from space 1024K, 57% used [0x00000000d6100000,0x00000000d6191f00,0x00000000d6200000)
  to   space 1024K, 0% used [0x00000000d6000000,0x00000000d6000000,0x00000000d6100000)
 ParOldGen       total 74752K, used 74309K [0x0000000080000000, 0x0000000084900000, 0x00000000d5580000)
  object space 74752K, 99% used [0x0000000080000000,0x00000000848916a0,0x0000000084900000)
 Metaspace       used 73433K, committed 75008K, reserved 1179648K
  class space    used 8863K, committed 9536K, reserved 1048576K
}
Event: 2722.195 GC heap before
{Heap before GC invocations=78 (full 3):
 PSYoungGen      total 11264K, used 10823K [0x00000000d5580000, 0x00000000d6200000, 0x0000000100000000)
  eden space 10240K, 100% used [0x00000000d5580000,0x00000000d5f80000,0x00000000d5f80000)
  from space 1024K, 57% used [0x00000000d6100000,0x00000000d6191f00,0x00000000d6200000)
  to   space 1024K, 0% used [0x00000000d6000000,0x00000000d6000000,0x00000000d6100000)
 ParOldGen       total 74752K, used 74309K [0x0000000080000000, 0x0000000084900000, 0x00000000d5580000)
  object space 74752K, 99% used [0x0000000080000000,0x00000000848916a0,0x0000000084900000)
 Metaspace       used 73648K, committed 75264K, reserved 1179648K
  class space    used 8909K, committed 9600K, reserved 1048576K
}
Event: 2722.197 GC heap after
{Heap after GC invocations=78 (full 3):
 PSYoungGen      total 11264K, used 128K [0x00000000d5580000, 0x00000000d6180000, 0x0000000100000000)
  eden space 10240K, 0% used [0x00000000d5580000,0x00000000d5580000,0x00000000d5f80000)
  from space 1024K, 12% used [0x00000000d6000000,0x00000000d6020000,0x00000000d6100000)
  to   space 512K, 0% used [0x00000000d6100000,0x00000000d6100000,0x00000000d6180000)
 ParOldGen       total 74752K, used 74640K [0x0000000080000000, 0x0000000084900000, 0x00000000d5580000)
  object space 74752K, 99% used [0x0000000080000000,0x00000000848e4128,0x0000000084900000)
 Metaspace       used 73648K, committed 75264K, reserved 1179648K
  class space    used 8909K, committed 9600K, reserved 1048576K
}
Event: 2722.279 GC heap before
{Heap before GC invocations=79 (full 3):
 PSYoungGen      total 11264K, used 10368K [0x00000000d5580000, 0x00000000d6180000, 0x0000000100000000)
  eden space 10240K, 100% used [0x00000000d5580000,0x00000000d5f80000,0x00000000d5f80000)
  from space 1024K, 12% used [0x00000000d6000000,0x00000000d6020000,0x00000000d6100000)
  to   space 512K, 0% used [0x00000000d6100000,0x00000000d6100000,0x00000000d6180000)
 ParOldGen       total 74752K, used 74640K [0x0000000080000000, 0x0000000084900000, 0x00000000d5580000)
  object space 74752K, 99% used [0x0000000080000000,0x00000000848e4128,0x0000000084900000)
 Metaspace       used 73814K, committed 75456K, reserved 1179648K
  class space    used 8940K, committed 9664K, reserved 1048576K
}
Event: 2722.280 GC heap after
{Heap after GC invocations=79 (full 3):
 PSYoungGen      total 10752K, used 160K [0x00000000d5580000, 0x00000000d6180000, 0x0000000100000000)
  eden space 10240K, 0% used [0x00000000d5580000,0x00000000d5580000,0x00000000d5f80000)
  from space 512K, 31% used [0x00000000d6100000,0x00000000d6128000,0x00000000d6180000)
  to   space 512K, 0% used [0x00000000d6080000,0x00000000d6080000,0x00000000d6100000)
 ParOldGen       total 74752K, used 74672K [0x0000000080000000, 0x0000000084900000, 0x00000000d5580000)
  object space 74752K, 99% used [0x0000000080000000,0x00000000848ec128,0x0000000084900000)
 Metaspace       used 73814K, committed 75456K, reserved 1179648K
  class space    used 8940K, committed 9664K, reserved 1048576K
}
Event: 2722.441 GC heap before
{Heap before GC invocations=80 (full 3):
 PSYoungGen      total 10752K, used 10400K [0x00000000d5580000, 0x00000000d6180000, 0x0000000100000000)
  eden space 10240K, 100% used [0x00000000d5580000,0x00000000d5f80000,0x00000000d5f80000)
  from space 512K, 31% used [0x00000000d6100000,0x00000000d6128000,0x00000000d6180000)
  to   space 512K, 0% used [0x00000000d6080000,0x00000000d6080000,0x00000000d6100000)
 ParOldGen       total 74752K, used 74672K [0x0000000080000000, 0x0000000084900000, 0x00000000d5580000)
  object space 74752K, 99% used [0x0000000080000000,0x00000000848ec128,0x0000000084900000)
 Metaspace       used 74508K, committed 76096K, reserved 1179648K
  class space    used 9079K, committed 9792K, reserved 1048576K
}
Event: 2722.443 GC heap after
{Heap after GC invocations=80 (full 3):
 PSYoungGen      total 10752K, used 208K [0x00000000d5580000, 0x00000000d6180000, 0x0000000100000000)
  eden space 10240K, 0% used [0x00000000d5580000,0x00000000d5580000,0x00000000d5f80000)
  from space 512K, 40% used [0x00000000d6080000,0x00000000d60b43c0,0x00000000d6100000)
  to   space 512K, 0% used [0x00000000d6100000,0x00000000d6100000,0x00000000d6180000)
 ParOldGen       total 74752K, used 74704K [0x0000000080000000, 0x0000000084900000, 0x00000000d5580000)
  object space 74752K, 99% used [0x0000000080000000,0x00000000848f4128,0x0000000084900000)
 Metaspace       used 74508K, committed 76096K, reserved 1179648K
  class space    used 9079K, committed 9792K, reserved 1048576K
}
Event: 2722.604 GC heap before
{Heap before GC invocations=81 (full 3):
 PSYoungGen      total 10752K, used 10448K [0x00000000d5580000, 0x00000000d6180000, 0x0000000100000000)
  eden space 10240K, 100% used [0x00000000d5580000,0x00000000d5f80000,0x00000000d5f80000)
  from space 512K, 40% used [0x00000000d6080000,0x00000000d60b43c0,0x00000000d6100000)
  to   space 512K, 0% used [0x00000000d6100000,0x00000000d6100000,0x00000000d6180000)
 ParOldGen       total 74752K, used 74704K [0x0000000080000000, 0x0000000084900000, 0x00000000d5580000)
  object space 74752K, 99% used [0x0000000080000000,0x00000000848f4128,0x0000000084900000)
 Metaspace       used 75185K, committed 76736K, reserved 1179648K
  class space    used 9244K, committed 9920K, reserved 1048576K
}
Event: 2722.605 GC heap after
{Heap after GC invocations=81 (full 3):
 PSYoungGen      total 10752K, used 224K [0x00000000d5580000, 0x00000000d6180000, 0x0000000100000000)
  eden space 10240K, 0% used [0x00000000d5580000,0x00000000d5580000,0x00000000d5f80000)
  from space 512K, 43% used [0x00000000d6100000,0x00000000d6138000,0x00000000d6180000)
  to   space 512K, 0% used [0x00000000d6080000,0x00000000d6080000,0x00000000d6100000)
 ParOldGen       total 75264K, used 74768K [0x0000000080000000, 0x0000000084980000, 0x00000000d5580000)
  object space 75264K, 99% used [0x0000000080000000,0x0000000084904128,0x0000000084980000)
 Metaspace       used 75185K, committed 76736K, reserved 1179648K
  class space    used 9244K, committed 9920K, reserved 1048576K
}
Event: 2722.774 GC heap before
{Heap before GC invocations=82 (full 3):
 PSYoungGen      total 10752K, used 10464K [0x00000000d5580000, 0x00000000d6180000, 0x0000000100000000)
  eden space 10240K, 100% used [0x00000000d5580000,0x00000000d5f80000,0x00000000d5f80000)
  from space 512K, 43% used [0x00000000d6100000,0x00000000d6138000,0x00000000d6180000)
  to   space 512K, 0% used [0x00000000d6080000,0x00000000d6080000,0x00000000d6100000)
 ParOldGen       total 75264K, used 74768K [0x0000000080000000, 0x0000000084980000, 0x00000000d5580000)
  object space 75264K, 99% used [0x0000000080000000,0x0000000084904128,0x0000000084980000)
 Metaspace       used 75663K, committed 77248K, reserved 1179648K
  class space    used 9354K, committed 10048K, reserved 1048576K
}
Event: 2722.776 GC heap after
{Heap after GC invocations=82 (full 3):
 PSYoungGen      total 10752K, used 394K [0x00000000d5580000, 0x00000000d6180000, 0x0000000100000000)
  eden space 10240K, 0% used [0x00000000d5580000,0x00000000d5580000,0x00000000d5f80000)
  from space 512K, 77% used [0x00000000d6080000,0x00000000d60e2a50,0x00000000d6100000)
  to   space 512K, 0% used [0x00000000d6100000,0x00000000d6100000,0x00000000d6180000)
 ParOldGen       total 75264K, used 74880K [0x0000000080000000, 0x0000000084980000, 0x00000000d5580000)
  object space 75264K, 99% used [0x0000000080000000,0x0000000084920138,0x0000000084980000)
 Metaspace       used 75663K, committed 77248K, reserved 1179648K
  class space    used 9354K, committed 10048K, reserved 1048576K
}
Event: 2722.889 GC heap before
{Heap before GC invocations=83 (full 3):
 PSYoungGen      total 10752K, used 10634K [0x00000000d5580000, 0x00000000d6180000, 0x0000000100000000)
  eden space 10240K, 100% used [0x00000000d5580000,0x00000000d5f80000,0x00000000d5f80000)
  from space 512K, 77% used [0x00000000d6080000,0x00000000d60e2a50,0x00000000d6100000)
  to   space 512K, 0% used [0x00000000d6100000,0x00000000d6100000,0x00000000d6180000)
 ParOldGen       total 75264K, used 74880K [0x0000000080000000, 0x0000000084980000, 0x00000000d5580000)
  object space 75264K, 99% used [0x0000000080000000,0x0000000084920138,0x0000000084980000)
 Metaspace       used 76197K, committed 77760K, reserved 1179648K
  class space    used 9476K, committed 10176K, reserved 1048576K
}
Event: 2722.890 GC heap after
{Heap after GC invocations=83 (full 3):
 PSYoungGen      total 10752K, used 250K [0x00000000d5580000, 0x00000000d6180000, 0x0000000100000000)
  eden space 10240K, 0% used [0x00000000d5580000,0x00000000d5580000,0x00000000d5f80000)
  from space 512K, 48% used [0x00000000d6100000,0x00000000d613e810,0x00000000d6180000)
  to   space 512K, 0% used [0x00000000d6080000,0x00000000d6080000,0x00000000d6100000)
 ParOldGen       total 75264K, used 75175K [0x0000000080000000, 0x0000000084980000, 0x00000000d5580000)
  object space 75264K, 99% used [0x0000000080000000,0x0000000084969f70,0x0000000084980000)
 Metaspace       used 76197K, committed 77760K, reserved 1179648K
  class space    used 9476K, committed 10176K, reserved 1048576K
}
Event: 2722.983 GC heap before
{Heap before GC invocations=84 (full 3):
 PSYoungGen      total 10752K, used 10490K [0x00000000d5580000, 0x00000000d6180000, 0x0000000100000000)
  eden space 10240K, 100% used [0x00000000d5580000,0x00000000d5f80000,0x00000000d5f80000)
  from space 512K, 48% used [0x00000000d6100000,0x00000000d613e810,0x00000000d6180000)
  to   space 512K, 0% used [0x00000000d6080000,0x00000000d6080000,0x00000000d6100000)
 ParOldGen       total 75264K, used 75175K [0x0000000080000000, 0x0000000084980000, 0x00000000d5580000)
  object space 75264K, 99% used [0x0000000080000000,0x0000000084969f70,0x0000000084980000)
 Metaspace       used 76619K, committed 78208K, reserved 1179648K
  class space    used 9597K, committed 10304K, reserved 1048576K
}
Event: 2722.984 GC heap after
{Heap after GC invocations=84 (full 3):
 PSYoungGen      total 10752K, used 272K [0x00000000d5580000, 0x00000000d6180000, 0x0000000100000000)
  eden space 10240K, 0% used [0x00000000d5580000,0x00000000d5580000,0x00000000d5f80000)
  from space 512K, 53% used [0x00000000d6080000,0x00000000d60c4010,0x00000000d6100000)
  to   space 512K, 0% used [0x00000000d6100000,0x00000000d6100000,0x00000000d6180000)
 ParOldGen       total 75264K, used 75255K [0x0000000080000000, 0x0000000084980000, 0x00000000d5580000)
  object space 75264K, 99% used [0x0000000080000000,0x000000008497df70,0x0000000084980000)
 Metaspace       used 76619K, committed 78208K, reserved 1179648K
  class space    used 9597K, committed 10304K, reserved 1048576K
}
Event: 2723.159 GC heap before
{Heap before GC invocations=85 (full 3):
 PSYoungGen      total 10752K, used 10512K [0x00000000d5580000, 0x00000000d6180000, 0x0000000100000000)
  eden space 10240K, 100% used [0x00000000d5580000,0x00000000d5f80000,0x00000000d5f80000)
  from space 512K, 53% used [0x00000000d6080000,0x00000000d60c4010,0x00000000d6100000)
  to   space 512K, 0% used [0x00000000d6100000,0x00000000d6100000,0x00000000d6180000)
 ParOldGen       total 75264K, used 75255K [0x0000000080000000, 0x0000000084980000, 0x00000000d5580000)
  object space 75264K, 99% used [0x0000000080000000,0x000000008497df70,0x0000000084980000)
 Metaspace       used 77404K, committed 79040K, reserved 1179648K
  class space    used 9705K, committed 10432K, reserved 1048576K
}
Event: 2723.174 GC heap after
{Heap after GC invocations=85 (full 3):
 PSYoungGen      total 10752K, used 352K [0x00000000d5580000, 0x00000000d6180000, 0x0000000100000000)
  eden space 10240K, 0% used [0x00000000d5580000,0x00000000d5580000,0x00000000d5f80000)
  from space 512K, 68% used [0x00000000d6100000,0x00000000d6158000,0x00000000d6180000)
  to   space 512K, 0% used [0x00000000d6080000,0x00000000d6080000,0x00000000d6100000)
 ParOldGen       total 75776K, used 75404K [0x0000000080000000, 0x0000000084a00000, 0x00000000d5580000)
  object space 75776K, 99% used [0x0000000080000000,0x00000000849a3358,0x0000000084a00000)
 Metaspace       used 77404K, committed 79040K, reserved 1179648K
  class space    used 9705K, committed 10432K, reserved 1048576K
}

