# JRE version: OpenJDK Runtime Environment Temurin-21.0.10+7 (21.0.10+7) (build 21.0.10+7-LTS)
# Java VM: OpenJDK 64-Bit Server VM Temurin-21.0.10+7 (21.0.10+7-LTS, mixed mode, sharing, tiered, compressed oops, compressed class ptrs, g1 gc, windows-amd64)
GC Precious Log:
 CardTable entry size: 512
 Card Set container configuration: InlinePtr #cards 4 size 8 Array Of Cards #cards 16 size 48 Howl #buckets 8 coarsen threshold 3686 Howl Bitmap #cards 512 size 80 coarsen threshold 460 Card regions per heap region 1 cards per card region 4096
 CPUs: 4 total, 4 available
 Memory: 7834M
 Large Page Support: Disabled
 NUMA Support: Disabled
 Compressed Oops: Enabled (Zero based)
 Heap Region Size: 2M
 Heap Min Capacity: 8M
 Heap Initial Capacity: 124M
 Heap Max Capacity: 4G
 Pre-touch: Disabled
 Parallel Workers: 4
 Concurrent Workers: 1
 Concurrent Refinement Workers: 4
 Periodic GC: Disabled
Heap:
 garbage-first heap   total 413696K, used 315392K [0x0000000700000000, 0x0000000800000000)
  region size 2048K, 30 young (61440K), 6 survivors (12288K)
 Metaspace       used 130273K, committed 133632K, reserved 557056K
  class space    used 18419K, committed 19968K, reserved 425984K
GC Heap History (20 events):
Event: 178.296 GC heap before
{Heap before GC invocations=64 (full 0):
 garbage-first heap   total 239616K, used 218187K [0x0000000700000000, 0x0000000800000000)
  region size 2048K, 39 young (79872K), 5 survivors (10240K)
 Metaspace       used 125008K, committed 127872K, reserved 557056K
  class space    used 17699K, committed 19072K, reserved 425984K
}
Event: 178.341 GC heap after
{Heap after GC invocations=65 (full 0):
 garbage-first heap   total 247808K, used 160406K [0x0000000700000000, 0x0000000800000000)
  region size 2048K, 5 young (10240K), 5 survivors (10240K)
 Metaspace       used 125008K, committed 127872K, reserved 557056K
  class space    used 17699K, committed 19072K, reserved 425984K
}
Event: 182.230 GC heap before
{Heap before GC invocations=65 (full 0):
 garbage-first heap   total 247808K, used 209558K [0x0000000700000000, 0x0000000800000000)
  region size 2048K, 31 young (63488K), 5 survivors (10240K)
 Metaspace       used 125377K, committed 128256K, reserved 557056K
  class space    used 17733K, committed 19136K, reserved 425984K
}
Event: 182.255 GC heap after
{Heap after GC invocations=66 (full 0):
 garbage-first heap   total 247808K, used 166652K [0x0000000700000000, 0x0000000800000000)
  region size 2048K, 3 young (6144K), 3 survivors (6144K)
 Metaspace       used 125377K, committed 128256K, reserved 557056K
  class space    used 17733K, committed 19136K, reserved 425984K
}
Event: 188.634 GC heap before
{Heap before GC invocations=67 (full 0):
 garbage-first heap   total 284672K, used 228092K [0x0000000700000000, 0x0000000800000000)
  region size 2048K, 32 young (65536K), 3 survivors (6144K)
 Metaspace       used 126505K, committed 129408K, reserved 557056K
  class space    used 17916K, committed 19328K, reserved 425984K
}
Event: 188.650 GC heap after
{Heap after GC invocations=68 (full 0):
 garbage-first heap   total 284672K, used 179220K [0x0000000700000000, 0x0000000800000000)
  region size 2048K, 4 young (8192K), 4 survivors (8192K)
 Metaspace       used 126505K, committed 129408K, reserved 557056K
  class space    used 17916K, committed 19328K, reserved 425984K
}
Event: 195.241 GC heap before
{Heap before GC invocations=68 (full 0):
 garbage-first heap   total 284672K, used 250900K [0x0000000700000000, 0x0000000800000000)
  region size 2048K, 39 young (79872K), 4 survivors (8192K)
 Metaspace       used 127114K, committed 130112K, reserved 557056K
  class space    used 17980K, committed 19392K, reserved 425984K
}
Event: 195.284 GC heap after
{Heap after GC invocations=69 (full 0):
 garbage-first heap   total 284672K, used 191643K [0x0000000700000000, 0x0000000800000000)
  region size 2048K, 5 young (10240K), 5 survivors (10240K)
 Metaspace       used 127114K, committed 130112K, reserved 557056K
  class space    used 17980K, committed 19392K, reserved 425984K
}
Event: 201.260 GC heap before
{Heap before GC invocations=69 (full 0):
 garbage-first heap   total 284672K, used 253083K [0x0000000700000000, 0x0000000800000000)
  region size 2048K, 35 young (71680K), 5 survivors (10240K)
 Metaspace       used 127751K, committed 130816K, reserved 557056K
  class space    used 18061K, committed 19520K, reserved 425984K
}
Event: 201.304 GC heap after
{Heap after GC invocations=70 (full 0):
 garbage-first heap   total 284672K, used 204800K [0x0000000700000000, 0x0000000800000000)
  region size 2048K, 5 young (10240K), 5 survivors (10240K)
 Metaspace       used 127751K, committed 130816K, reserved 557056K
  class space    used 18061K, committed 19520K, reserved 425984K
}
Event: 205.077 GC heap before
{Heap before GC invocations=71 (full 0):
 garbage-first heap   total 342016K, used 258048K [0x0000000700000000, 0x0000000800000000)
  region size 2048K, 31 young (63488K), 5 survivors (10240K)
 Metaspace       used 128057K, committed 131008K, reserved 557056K
  class space    used 18101K, committed 19520K, reserved 425984K
}
Event: 205.112 GC heap after
{Heap after GC invocations=72 (full 0):
 garbage-first heap   total 342016K, used 218726K [0x0000000700000000, 0x0000000800000000)
  region size 2048K, 4 young (8192K), 4 survivors (8192K)
 Metaspace       used 128057K, committed 131008K, reserved 557056K
  class space    used 18101K, committed 19520K, reserved 425984K
}
Event: 210.453 GC heap before
{Heap before GC invocations=72 (full 0):
 garbage-first heap   total 342016K, used 298598K [0x0000000700000000, 0x0000000800000000)
  region size 2048K, 43 young (88064K), 4 survivors (8192K)
 Metaspace       used 128700K, committed 131840K, reserved 557056K
  class space    used 18189K, committed 19648K, reserved 425984K
}
Event: 210.505 GC heap after
{Heap after GC invocations=73 (full 0):
 garbage-first heap   total 342016K, used 233112K [0x0000000700000000, 0x0000000800000000)
  region size 2048K, 6 young (12288K), 6 survivors (12288K)
 Metaspace       used 128700K, committed 131840K, reserved 557056K
  class space    used 18189K, committed 19648K, reserved 425984K
}
Event: 212.120 GC heap before
{Heap before GC invocations=73 (full 0):
 garbage-first heap   total 342016K, used 302744K [0x0000000700000000, 0x0000000800000000)
  region size 2048K, 40 young (81920K), 6 survivors (12288K)
 Metaspace       used 129103K, committed 132224K, reserved 557056K
  class space    used 18241K, committed 19712K, reserved 425984K
}
Event: 212.167 GC heap after
{Heap after GC invocations=74 (full 0):
 garbage-first heap   total 342016K, used 246480K [0x0000000700000000, 0x0000000800000000)
  region size 2048K, 5 young (10240K), 5 survivors (10240K)
 Metaspace       used 129103K, committed 132224K, reserved 557056K
  class space    used 18241K, committed 19712K, reserved 425984K
}
Event: 219.842 GC heap before
{Heap before GC invocations=75 (full 0):
 garbage-first heap   total 413696K, used 307920K [0x0000000700000000, 0x0000000800000000)
  region size 2048K, 35 young (71680K), 5 survivors (10240K)
 Metaspace       used 129801K, committed 133056K, reserved 557056K
  class space    used 18341K, committed 19840K, reserved 425984K
}
Event: 219.874 GC heap after
{Heap after GC invocations=76 (full 0):
 garbage-first heap   total 413696K, used 259482K [0x0000000700000000, 0x0000000800000000)
  region size 2048K, 5 young (10240K), 5 survivors (10240K)
 Metaspace       used 129801K, committed 133056K, reserved 557056K
  class space    used 18341K, committed 19840K, reserved 425984K
}
Event: 225.609 GC heap before
{Heap before GC invocations=76 (full 0):
 garbage-first heap   total 413696K, used 353690K [0x0000000700000000, 0x0000000800000000)
  region size 2048K, 52 young (106496K), 5 survivors (10240K)
 Metaspace       used 130164K, committed 133440K, reserved 557056K
  class space    used 18400K, committed 19904K, reserved 425984K
}
Event: 225.645 GC heap after
{Heap after GC invocations=77 (full 0):
 garbage-first heap   total 413696K, used 268288K [0x0000000700000000, 0x0000000800000000)
  region size 2048K, 6 young (12288K), 6 survivors (12288K)
 Metaspace       used 130164K, committed 133440K, reserved 557056K
  class space    used 18400K, committed 19904K, reserved 425984K
}

